{"/home/jeremy/Git/antipathy/src/main.ts": {"path":"/home/jeremy/Git/antipathy/src/main.ts","statementMap":{"0":{"start":{"line":3,"column":14},"end":{"line":3,"column":52}},"1":{"start":{"line":3,"column":32},"end":{"line":3,"column":52}},"2":{"start":{"line":4,"column":13},"end":{"line":4,"column":64}},"3":{"start":{"line":4,"column":43},"end":{"line":4,"column":64}},"4":{"start":{"line":5,"column":23},"end":{"line":15,"column":1}},"5":{"start":{"line":6,"column":22},"end":{"line":6,"column":24}},"6":{"start":{"line":7,"column":4},"end":{"line":13,"column":5}},"7":{"start":{"line":8,"column":8},"end":{"line":11,"column":9}},"8":{"start":{"line":9,"column":12},"end":{"line":10,"column":31}},"9":{"start":{"line":9,"column":25},"end":{"line":9,"column":34}},"10":{"start":{"line":10,"column":17},"end":{"line":10,"column":31}},"11":{"start":{"line":12,"column":8},"end":{"line":12,"column":26}},"12":{"start":{"line":14,"column":4},"end":{"line":14,"column":13}},"13":{"start":{"line":16,"column":22},"end":{"line":16,"column":71}},"14":{"start":{"line":16,"column":37},"end":{"line":16,"column":71}},"15":{"start":{"line":16,"column":62},"end":{"line":16,"column":70}},"16":{"start":{"line":20,"column":8},"end":{"line":20,"column":19}},"17":{"start":{"line":21,"column":8},"end":{"line":21,"column":41}},"18":{"start":{"line":18,"column":0},"end":{"line":23,"column":1}},"19":{"start":{"line":29,"column":8},"end":{"line":33,"column":9}},"20":{"start":{"line":30,"column":12},"end":{"line":30,"column":28}},"21":{"start":{"line":32,"column":12},"end":{"line":32,"column":29}},"22":{"start":{"line":34,"column":8},"end":{"line":34,"column":40}},"23":{"start":{"line":37,"column":8},"end":{"line":41,"column":9}},"24":{"start":{"line":38,"column":12},"end":{"line":38,"column":76}},"25":{"start":{"line":40,"column":12},"end":{"line":40,"column":51}},"26":{"start":{"line":44,"column":8},"end":{"line":44,"column":99}},"27":{"start":{"line":47,"column":8},"end":{"line":47,"column":90}},"28":{"start":{"line":47,"column":32},"end":{"line":47,"column":90}},"29":{"start":{"line":48,"column":8},"end":{"line":54,"column":9}},"30":{"start":{"line":49,"column":25},"end":{"line":49,"column":77}},"31":{"start":{"line":50,"column":12},"end":{"line":50,"column":128}},"32":{"start":{"line":50,"column":35},"end":{"line":50,"column":128}},"33":{"start":{"line":51,"column":12},"end":{"line":51,"column":104}},"34":{"start":{"line":51,"column":75},"end":{"line":51,"column":92}},"35":{"start":{"line":53,"column":12},"end":{"line":53,"column":39}},"36":{"start":{"line":25,"column":0},"end":{"line":56,"column":1}}},"fnMap":{"0":{"name":"(anonymous_0)","decl":{"start":{"line":3,"column":14},"end":{"line":3,"column":15}},"loc":{"start":{"line":3,"column":32},"end":{"line":3,"column":52}}},"1":{"name":"(anonymous_1)","decl":{"start":{"line":4,"column":13},"end":{"line":4,"column":14}},"loc":{"start":{"line":4,"column":43},"end":{"line":4,"column":64}}},"2":{"name":"(anonymous_2)","decl":{"start":{"line":5,"column":23},"end":{"line":5,"column":27}},"loc":{"start":{"line":5,"column":45},"end":{"line":15,"column":1}}},"3":{"name":"(anonymous_3)","decl":{"start":{"line":16,"column":22},"end":{"line":16,"column":23}},"loc":{"start":{"line":16,"column":37},"end":{"line":16,"column":71}}},"4":{"name":"(anonymous_4)","decl":{"start":{"line":16,"column":57},"end":{"line":16,"column":58}},"loc":{"start":{"line":16,"column":62},"end":{"line":16,"column":70}}},"5":{"name":"(anonymous_5)","decl":{"start":{"line":19,"column":4},"end":{"line":19,"column":15}},"loc":{"start":{"line":19,"column":27},"end":{"line":22,"column":5}}},"6":{"name":"(anonymous_6)","decl":{"start":{"line":28,"column":4},"end":{"line":28,"column":15}},"loc":{"start":{"line":28,"column":28},"end":{"line":35,"column":5}}},"7":{"name":"(anonymous_7)","decl":{"start":{"line":36,"column":4},"end":{"line":36,"column":7}},"loc":{"start":{"line":36,"column":21},"end":{"line":42,"column":5}}},"8":{"name":"(anonymous_8)","decl":{"start":{"line":43,"column":4},"end":{"line":43,"column":14}},"loc":{"start":{"line":43,"column":50},"end":{"line":45,"column":5}}},"9":{"name":"(anonymous_9)","decl":{"start":{"line":46,"column":4},"end":{"line":46,"column":14}},"loc":{"start":{"line":46,"column":50},"end":{"line":55,"column":5}}},"10":{"name":"(anonymous_10)","decl":{"start":{"line":51,"column":70},"end":{"line":51,"column":71}},"loc":{"start":{"line":51,"column":75},"end":{"line":51,"column":92}}}},"branchMap":{"0":{"loc":{"start":{"line":7,"column":20},"end":{"line":7,"column":32}},"type":"binary-expr","locations":[{"start":{"line":7,"column":20},"end":{"line":7,"column":32}},{"start":{"line":7,"column":36},"end":{"line":7,"column":48}}]},"1":{"loc":{"start":{"line":8,"column":8},"end":{"line":11,"column":9}},"type":"if","locations":[{"start":{"line":8,"column":8},"end":{"line":11,"column":9}},{"start":{"line":8,"column":8},"end":{"line":11,"column":9}}]},"2":{"loc":{"start":{"line":9,"column":12},"end":{"line":10,"column":31}},"type":"if","locations":[{"start":{"line":9,"column":12},"end":{"line":10,"column":31}},{"start":{"line":9,"column":12},"end":{"line":10,"column":31}}]},"3":{"loc":{"start":{"line":29,"column":8},"end":{"line":33,"column":9}},"type":"if","locations":[{"start":{"line":29,"column":8},"end":{"line":33,"column":9}},{"start":{"line":29,"column":8},"end":{"line":33,"column":9}}]},"4":{"loc":{"start":{"line":37,"column":8},"end":{"line":41,"column":9}},"type":"if","locations":[{"start":{"line":37,"column":8},"end":{"line":41,"column":9}},{"start":{"line":37,"column":8},"end":{"line":41,"column":9}}]},"5":{"loc":{"start":{"line":43,"column":37},"end":{"line":43,"column":50}},"type":"default-arg","locations":[{"start":{"line":43,"column":37},"end":{"line":43,"column":50}}]},"6":{"loc":{"start":{"line":44,"column":33},"end":{"line":44,"column":52}},"type":"cond-expr","locations":[{"start":{"line":44,"column":33},"end":{"line":44,"column":52}},{"start":{"line":44,"column":55},"end":{"line":44,"column":97}}]},"7":{"loc":{"start":{"line":46,"column":37},"end":{"line":46,"column":50}},"type":"default-arg","locations":[{"start":{"line":46,"column":37},"end":{"line":46,"column":50}}]},"8":{"loc":{"start":{"line":47,"column":8},"end":{"line":47,"column":90}},"type":"if","locations":[{"start":{"line":47,"column":8},"end":{"line":47,"column":90}},{"start":{"line":47,"column":8},"end":{"line":47,"column":90}}]},"9":{"loc":{"start":{"line":48,"column":8},"end":{"line":54,"column":9}},"type":"if","locations":[{"start":{"line":48,"column":8},"end":{"line":54,"column":9}},{"start":{"line":48,"column":8},"end":{"line":54,"column":9}}]},"10":{"loc":{"start":{"line":50,"column":12},"end":{"line":50,"column":128}},"type":"if","locations":[{"start":{"line":50,"column":12},"end":{"line":50,"column":128}},{"start":{"line":50,"column":12},"end":{"line":50,"column":128}}]}},"s":{"0":1,"1":13,"2":1,"3":1,"4":1,"5":4,"6":4,"7":7,"8":3,"9":1,"10":2,"11":4,"12":1,"13":1,"14":14,"15":33,"16":3,"17":3,"18":1,"19":4,"20":3,"21":1,"22":4,"23":3,"24":1,"25":2,"26":3,"27":6,"28":1,"29":5,"30":4,"31":4,"32":1,"33":3,"34":12,"35":1,"36":1},"f":{"0":13,"1":1,"2":4,"3":14,"4":33,"5":3,"6":4,"7":3,"8":3,"9":6,"10":12},"b":{"0":[8,3],"1":[3,4],"2":[1,2],"3":[3,1],"4":[1,2],"5":[2],"6":[2,1],"7":[1],"8":[1,5],"9":[4,1],"10":[1,3]}}
}
