TN:
SF:/home/jeremy/Git/antipathy/src/main.ts
FN:3,(anonymous_0)
FN:4,(anonymous_1)
FN:5,(anonymous_2)
FN:16,(anonymous_3)
FN:16,(anonymous_4)
FN:19,(anonymous_5)
FN:28,(anonymous_6)
FN:36,(anonymous_7)
FN:43,(anonymous_8)
FN:46,(anonymous_9)
FN:51,(anonymous_10)
FNF:11
FNH:11
FNDA:13,(anonymous_0)
FNDA:1,(anonymous_1)
FNDA:4,(anonymous_2)
FNDA:14,(anonymous_3)
FNDA:33,(anonymous_4)
FNDA:3,(anonymous_5)
FNDA:4,(anonymous_6)
FNDA:3,(anonymous_7)
FNDA:3,(anonymous_8)
FNDA:6,(anonymous_9)
FNDA:12,(anonymous_10)
DA:3,13
DA:4,1
DA:5,1
DA:6,4
DA:7,4
DA:8,7
DA:9,3
DA:10,2
DA:12,4
DA:14,1
DA:16,33
DA:18,1
DA:20,3
DA:21,3
DA:25,1
DA:29,4
DA:30,3
DA:32,1
DA:34,4
DA:37,3
DA:38,1
DA:40,2
DA:44,3
DA:47,6
DA:48,5
DA:49,4
DA:50,4
DA:51,12
DA:53,1
LF:29
LH:29
BRDA:7,0,0,8
BRDA:7,0,1,3
BRDA:8,1,0,3
BRDA:8,1,1,4
BRDA:9,2,0,1
BRDA:9,2,1,2
BRDA:29,3,0,3
BRDA:29,3,1,1
BRDA:37,4,0,1
BRDA:37,4,1,2
BRDA:43,5,0,2
BRDA:44,6,0,2
BRDA:44,6,1,1
BRDA:46,7,0,1
BRDA:47,8,0,1
BRDA:47,8,1,5
BRDA:48,9,0,4
BRDA:48,9,1,1
BRDA:50,10,0,1
BRDA:50,10,1,3
BRF:20
BRH:20
end_of_record
